<?xml version="1.0" encoding="UTF-8"?>
<!-- Generated by org.testng.reporters.JUnitReportReporter -->
<testsuite name="com.test.cipherhut.LoginTest" tests="3" time="97.644" ignored="0" failures="0" timestamp="31 Mar 2019 16:26:15 GMT" skipped="0" hostname="Jarvis" errors="0">
  <testcase name="generateCSVPairs" time="17.391" classname="com.test.cipherhut.LoginTest"/>
  <testcase name="checkBalance" time="26.309" classname="com.test.cipherhut.LoginTest"/>
  <testcase name="testLogin" time="53.944" classname="com.test.cipherhut.LoginTest"/>
</testsuite> <!-- com.test.cipherhut.LoginTest -->
