<?xml version="1.0" encoding="UTF-8"?>
<!-- Generated by org.testng.reporters.JUnitReportReporter -->
<testsuite name="com.test.cipherhut.LoginTest" tests="3" time="68.236" ignored="0" failures="0" timestamp="07 Apr 2019 07:35:26 GMT" skipped="0" hostname="Jarvis" errors="0">
  <testcase name="generateCSVPairs" time="12.482" classname="com.test.cipherhut.LoginTest"/>
  <testcase name="checkBalance" time="25.194" classname="com.test.cipherhut.LoginTest"/>
  <testcase name="testLogin" time="30.560" classname="com.test.cipherhut.LoginTest"/>
</testsuite> <!-- com.test.cipherhut.LoginTest -->
